2025-07-07 15:32:43 [restartedMain] INFO  c.rewardapp.RewardProgramApplication - Starting RewardProgramApplication using Java 21.0.3 with PID 9840 (D:\STS WorkSpace\InterView Questions\rewardprogram\target\classes started by manut in D:\STS WorkSpace\InterView Questions\rewardprogram)
2025-07-07 15:32:43 [restartedMain] DEBUG c.rewardapp.RewardProgramApplication - Running with Spring Boot v3.5.3, Spring v6.2.8
2025-07-07 15:32:43 [restartedMain] INFO  c.rewardapp.RewardProgramApplication - No active profile set, falling back to 1 default profile: "default"
2025-07-07 15:32:44 [restartedMain] INFO  c.rewardapp.RewardProgramApplication - Started RewardProgramApplication in 1.577 seconds (process running for 128.733)
2025-07-07 15:32:44 [restartedMain] INFO  c.r.rewardservice.RewardServiceImpl - welcome main method:
2025-07-07 15:34:08 [restartedMain] INFO  c.rewardapp.RewardProgramApplication - Starting RewardProgramApplication using Java 21.0.3 with PID 9840 (D:\STS WorkSpace\InterView Questions\rewardprogram\target\classes started by manut in D:\STS WorkSpace\InterView Questions\rewardprogram)
2025-07-07 15:34:08 [restartedMain] DEBUG c.rewardapp.RewardProgramApplication - Running with Spring Boot v3.5.3, Spring v6.2.8
2025-07-07 15:34:08 [restartedMain] INFO  c.rewardapp.RewardProgramApplication - No active profile set, falling back to 1 default profile: "default"
2025-07-07 15:34:08 [restartedMain] INFO  c.rewardapp.RewardProgramApplication - Started RewardProgramApplication in 0.751 seconds (process running for 212.678)
2025-07-07 15:34:39 [restartedMain] INFO  c.rewardapp.RewardProgramApplication - Starting RewardProgramApplication using Java 21.0.3 with PID 9840 (D:\STS WorkSpace\InterView Questions\rewardprogram\target\classes started by manut in D:\STS WorkSpace\InterView Questions\rewardprogram)
2025-07-07 15:34:39 [restartedMain] DEBUG c.rewardapp.RewardProgramApplication - Running with Spring Boot v3.5.3, Spring v6.2.8
2025-07-07 15:34:39 [restartedMain] INFO  c.rewardapp.RewardProgramApplication - No active profile set, falling back to 1 default profile: "default"
2025-07-07 15:34:40 [restartedMain] INFO  c.rewardapp.RewardProgramApplication - Started RewardProgramApplication in 0.558 seconds (process running for 244.267)
2025-07-07 15:35:11 [restartedMain] INFO  c.rewardapp.RewardProgramApplication - Starting RewardProgramApplication using Java 21.0.3 with PID 10856 (D:\STS WorkSpace\InterView Questions\rewardprogram\target\classes started by manut in D:\STS WorkSpace\InterView Questions\rewardprogram)
2025-07-07 15:35:11 [restartedMain] DEBUG c.rewardapp.RewardProgramApplication - Running with Spring Boot v3.5.3, Spring v6.2.8
2025-07-07 15:35:11 [restartedMain] INFO  c.rewardapp.RewardProgramApplication - No active profile set, falling back to 1 default profile: "default"
2025-07-07 15:35:16 [restartedMain] INFO  c.rewardapp.RewardProgramApplication - Started RewardProgramApplication in 4.946 seconds (process running for 5.943)
2025-07-07 15:36:13 [http-nio-8083-exec-1] INFO  c.r.r.RewardController - Fetching reward data for customer 'Satyam' between 2025-04-01 and 2025-06-30
2025-07-07 15:36:13 [http-nio-8083-exec-1] WARN  c.r.rewardservice.RewardServiceImpl - No transactions found for customer: Satyam
2025-07-07 15:36:13 [http-nio-8083-exec-1] ERROR c.r.r.CustomerNotFoundException - This is an error log: customer not found: unknown
2025-07-07 15:37:32 [http-nio-8083-exec-4] INFO  c.r.r.RewardController - Fetching reward data for customer 'Alice' between 2025-04-01 and 2025-06-30
2025-07-07 15:37:32 [http-nio-8083-exec-4] WARN  c.r.rewardservice.RewardServiceImpl - No transactions found for customer: Alice
2025-07-07 15:37:32 [http-nio-8083-exec-4] ERROR c.r.r.CustomerNotFoundException - This is an error log: customer not found: unknown
2025-07-07 15:37:51 [http-nio-8083-exec-6] INFO  c.r.r.RewardController - Fetching reward data for customer 'Alice' between 2025-07-01 and 2025-07-30
2025-07-07 17:52:34 [restartedMain] INFO  c.rewardapp.RewardProgramApplication - Starting RewardProgramApplication using Java 21.0.3 with PID 14104 (D:\STS WorkSpace\InterView Questions\rewardprogram\target\classes started by manut in D:\STS WorkSpace\InterView Questions\rewardprogram)
2025-07-07 17:52:35 [restartedMain] DEBUG c.rewardapp.RewardProgramApplication - Running with Spring Boot v3.5.3, Spring v6.2.8
2025-07-07 17:52:35 [restartedMain] INFO  c.rewardapp.RewardProgramApplication - No active profile set, falling back to 1 default profile: "default"
2025-07-07 17:52:39 [restartedMain] INFO  c.rewardapp.RewardProgramApplication - Started RewardProgramApplication in 5.034 seconds (process running for 5.929)
2025-07-07 17:57:48 [restartedMain] INFO  c.rewardapp.RewardProgramApplication - Starting RewardProgramApplication using Java 21.0.3 with PID 14104 (D:\STS WorkSpace\InterView Questions\rewardprogram\target\classes started by manut in D:\STS WorkSpace\InterView Questions\rewardprogram)
2025-07-07 17:57:48 [restartedMain] DEBUG c.rewardapp.RewardProgramApplication - Running with Spring Boot v3.5.3, Spring v6.2.8
2025-07-07 17:57:48 [restartedMain] INFO  c.rewardapp.RewardProgramApplication - No active profile set, falling back to 1 default profile: "default"
2025-07-07 17:57:49 [restartedMain] INFO  c.rewardapp.RewardProgramApplication - Started RewardProgramApplication in 0.728 seconds (process running for 316.074)
2025-07-07 17:59:05 [restartedMain] INFO  c.rewardapp.RewardProgramApplication - Starting RewardProgramApplication using Java 21.0.3 with PID 1636 (D:\STS WorkSpace\InterView Questions\rewardprogram\target\classes started by manut in D:\STS WorkSpace\InterView Questions\rewardprogram)
2025-07-07 17:59:05 [restartedMain] DEBUG c.rewardapp.RewardProgramApplication - Running with Spring Boot v3.5.3, Spring v6.2.8
2025-07-07 17:59:05 [restartedMain] INFO  c.rewardapp.RewardProgramApplication - No active profile set, falling back to 1 default profile: "default"
2025-07-07 17:59:09 [restartedMain] INFO  c.rewardapp.RewardProgramApplication - Started RewardProgramApplication in 4.526 seconds (process running for 5.381)
2025-07-07 18:02:04 [restartedMain] INFO  c.rewardapp.RewardProgramApplication - Starting RewardProgramApplication using Java 21.0.3 with PID 1636 (D:\STS WorkSpace\InterView Questions\rewardprogram\target\classes started by manut in D:\STS WorkSpace\InterView Questions\rewardprogram)
2025-07-07 18:02:04 [restartedMain] DEBUG c.rewardapp.RewardProgramApplication - Running with Spring Boot v3.5.3, Spring v6.2.8
2025-07-07 18:02:04 [restartedMain] INFO  c.rewardapp.RewardProgramApplication - No active profile set, falling back to 1 default profile: "default"
2025-07-07 18:02:11 [restartedMain] INFO  c.rewardapp.RewardProgramApplication - Starting RewardProgramApplication using Java 21.0.3 with PID 1636 (D:\STS WorkSpace\InterView Questions\rewardprogram\target\classes started by manut in D:\STS WorkSpace\InterView Questions\rewardprogram)
2025-07-07 18:02:11 [restartedMain] DEBUG c.rewardapp.RewardProgramApplication - Running with Spring Boot v3.5.3, Spring v6.2.8
2025-07-07 18:02:11 [restartedMain] INFO  c.rewardapp.RewardProgramApplication - No active profile set, falling back to 1 default profile: "default"
2025-07-07 18:02:12 [restartedMain] INFO  c.rewardapp.RewardProgramApplication - Started RewardProgramApplication in 0.615 seconds (process running for 187.752)
2025-07-07 18:03:15 [restartedMain] INFO  c.rewardapp.RewardProgramApplication - Starting RewardProgramApplication using Java 21.0.3 with PID 1636 (D:\STS WorkSpace\InterView Questions\rewardprogram\target\classes started by manut in D:\STS WorkSpace\InterView Questions\rewardprogram)
2025-07-07 18:03:15 [restartedMain] DEBUG c.rewardapp.RewardProgramApplication - Running with Spring Boot v3.5.3, Spring v6.2.8
2025-07-07 18:03:15 [restartedMain] INFO  c.rewardapp.RewardProgramApplication - No active profile set, falling back to 1 default profile: "default"
2025-07-07 18:03:16 [restartedMain] INFO  c.rewardapp.RewardProgramApplication - Started RewardProgramApplication in 0.535 seconds (process running for 252.005)
2025-07-07 18:04:47 [restartedMain] INFO  c.rewardapp.RewardProgramApplication - Starting RewardProgramApplication using Java 21.0.3 with PID 1636 (D:\STS WorkSpace\InterView Questions\rewardprogram\target\classes started by manut in D:\STS WorkSpace\InterView Questions\rewardprogram)
2025-07-07 18:04:47 [restartedMain] DEBUG c.rewardapp.RewardProgramApplication - Running with Spring Boot v3.5.3, Spring v6.2.8
2025-07-07 18:04:47 [restartedMain] INFO  c.rewardapp.RewardProgramApplication - No active profile set, falling back to 1 default profile: "default"
2025-07-07 18:04:47 [restartedMain] INFO  c.rewardapp.RewardProgramApplication - Started RewardProgramApplication in 0.52 seconds (process running for 343.334)
2025-07-07 18:05:15 [restartedMain] INFO  c.rewardapp.RewardProgramApplication - Starting RewardProgramApplication using Java 21.0.3 with PID 1636 (D:\STS WorkSpace\InterView Questions\rewardprogram\target\classes started by manut in D:\STS WorkSpace\InterView Questions\rewardprogram)
2025-07-07 18:05:15 [restartedMain] DEBUG c.rewardapp.RewardProgramApplication - Running with Spring Boot v3.5.3, Spring v6.2.8
2025-07-07 18:05:15 [restartedMain] INFO  c.rewardapp.RewardProgramApplication - No active profile set, falling back to 1 default profile: "default"
2025-07-07 18:05:16 [restartedMain] INFO  c.rewardapp.RewardProgramApplication - Started RewardProgramApplication in 0.509 seconds (process running for 371.91)
2025-07-07 18:05:29 [restartedMain] INFO  c.rewardapp.RewardProgramApplication - Starting RewardProgramApplication using Java 21.0.3 with PID 1636 (D:\STS WorkSpace\InterView Questions\rewardprogram\target\classes started by manut in D:\STS WorkSpace\InterView Questions\rewardprogram)
2025-07-07 18:05:29 [restartedMain] DEBUG c.rewardapp.RewardProgramApplication - Running with Spring Boot v3.5.3, Spring v6.2.8
2025-07-07 18:05:29 [restartedMain] INFO  c.rewardapp.RewardProgramApplication - No active profile set, falling back to 1 default profile: "default"
2025-07-07 18:05:29 [restartedMain] INFO  c.rewardapp.RewardProgramApplication - Started RewardProgramApplication in 0.523 seconds (process running for 385.123)
2025-07-07 18:05:48 [restartedMain] INFO  c.rewardapp.RewardProgramApplication - Starting RewardProgramApplication using Java 21.0.3 with PID 1636 (D:\STS WorkSpace\InterView Questions\rewardprogram\target\classes started by manut in D:\STS WorkSpace\InterView Questions\rewardprogram)
2025-07-07 18:05:48 [restartedMain] DEBUG c.rewardapp.RewardProgramApplication - Running with Spring Boot v3.5.3, Spring v6.2.8
2025-07-07 18:05:48 [restartedMain] INFO  c.rewardapp.RewardProgramApplication - No active profile set, falling back to 1 default profile: "default"
2025-07-07 18:05:49 [restartedMain] INFO  c.rewardapp.RewardProgramApplication - Started RewardProgramApplication in 0.5 seconds (process running for 404.898)
2025-07-07 18:05:56 [restartedMain] INFO  c.rewardapp.RewardProgramApplication - Starting RewardProgramApplication using Java 21.0.3 with PID 1636 (D:\STS WorkSpace\InterView Questions\rewardprogram\target\classes started by manut in D:\STS WorkSpace\InterView Questions\rewardprogram)
2025-07-07 18:05:56 [restartedMain] DEBUG c.rewardapp.RewardProgramApplication - Running with Spring Boot v3.5.3, Spring v6.2.8
2025-07-07 18:05:56 [restartedMain] INFO  c.rewardapp.RewardProgramApplication - No active profile set, falling back to 1 default profile: "default"
2025-07-07 18:05:57 [restartedMain] INFO  c.rewardapp.RewardProgramApplication - Started RewardProgramApplication in 0.683 seconds (process running for 412.646)
2025-07-07 18:06:03 [restartedMain] INFO  c.rewardapp.RewardProgramApplication - Starting RewardProgramApplication using Java 21.0.3 with PID 1636 (D:\STS WorkSpace\InterView Questions\rewardprogram\target\classes started by manut in D:\STS WorkSpace\InterView Questions\rewardprogram)
2025-07-07 18:06:03 [restartedMain] DEBUG c.rewardapp.RewardProgramApplication - Running with Spring Boot v3.5.3, Spring v6.2.8
2025-07-07 18:06:03 [restartedMain] INFO  c.rewardapp.RewardProgramApplication - No active profile set, falling back to 1 default profile: "default"
2025-07-07 18:06:04 [restartedMain] INFO  c.rewardapp.RewardProgramApplication - Started RewardProgramApplication in 0.42 seconds (process running for 419.652)
2025-07-07 18:06:18 [restartedMain] INFO  c.rewardapp.RewardProgramApplication - Starting RewardProgramApplication using Java 21.0.3 with PID 1636 (D:\STS WorkSpace\InterView Questions\rewardprogram\target\classes started by manut in D:\STS WorkSpace\InterView Questions\rewardprogram)
2025-07-07 18:06:18 [restartedMain] DEBUG c.rewardapp.RewardProgramApplication - Running with Spring Boot v3.5.3, Spring v6.2.8
2025-07-07 18:06:18 [restartedMain] INFO  c.rewardapp.RewardProgramApplication - No active profile set, falling back to 1 default profile: "default"
2025-07-07 18:06:19 [restartedMain] INFO  c.rewardapp.RewardProgramApplication - Started RewardProgramApplication in 0.978 seconds (process running for 435.329)
2025-07-07 18:06:22 [main] INFO  c.r.r.RewardControllerTest - Starting RewardControllerTest using Java 21.0.3 with PID 17924 (started by manut in D:\STS WorkSpace\InterView Questions\rewardprogram)
2025-07-07 18:06:22 [main] DEBUG c.r.r.RewardControllerTest - Running with Spring Boot v3.5.3, Spring v6.2.8
2025-07-07 18:06:22 [main] INFO  c.r.r.RewardControllerTest - No active profile set, falling back to 1 default profile: "default"
2025-07-07 18:06:25 [main] INFO  c.r.r.RewardControllerTest - Started RewardControllerTest in 4.033 seconds (process running for 5.694)
2025-07-07 18:06:25 [main] INFO  c.r.r.RewardController - Fetching reward data for all customers between 2025-07-01 and 2025-07-06
2025-07-07 18:06:26 [main] ERROR c.r.r.RewardController - Invalid date format for startDate: 07-01-2025
2025-07-07 18:06:26 [main] INFO  c.r.r.RewardIntegrationTest - Starting RewardIntegrationTest using Java 21.0.3 with PID 17924 (started by manut in D:\STS WorkSpace\InterView Questions\rewardprogram)
2025-07-07 18:06:26 [main] DEBUG c.r.r.RewardIntegrationTest - Running with Spring Boot v3.5.3, Spring v6.2.8
2025-07-07 18:06:26 [main] INFO  c.r.r.RewardIntegrationTest - No active profile set, falling back to 1 default profile: "default"
2025-07-07 18:06:31 [main] INFO  c.r.r.RewardIntegrationTest - Started RewardIntegrationTest in 5.618 seconds (process running for 11.766)
2025-07-07 18:06:32 [main] ERROR c.r.r.RewardController - Invalid date format for startDate: 07-01-2025
2025-07-07 18:06:32 [main] INFO  c.r.r.RewardController - Fetching reward data for customer 'Bob' between 2025-07-01 and 2025-07-31
2025-07-07 18:06:32 [main] WARN  c.r.rewardservice.RewardServiceImpl - No transactions found for customer: Bob
2025-07-07 18:06:32 [main] ERROR c.r.r.CustomerNotFoundException - This is an error log: customer not found: unknown
2025-07-07 18:06:32 [main] INFO  c.r.r.RewardController - Fetching reward data for customer 'Alice' between 2025-07-01 and 2025-07-31
2025-07-07 18:06:32 [main] WARN  c.r.rewardservice.RewardServiceImpl - No transactions found for customer: Bob
2025-07-07 18:06:32 [main] ERROR c.r.r.CustomerNotFoundException - This is an error log: customer not found: unknown
2025-07-07 18:06:32 [main] ERROR c.r.rewardservice.RewardServiceImpl - Negative reward points : amount=-100.0
2025-07-07 18:06:32 [main] ERROR c.r.rewardservice.RewardServiceImpl - Reward calculation failed for customer: Bob
com.rewardapp.rewardexception.RewardCalculationException: Reward calculation failed/negative for customers:Bob
	at com.rewardapp.rewardservice.RewardServiceImpl.buildRewardSummary(RewardServiceImpl.java:86)
	at com.rewardapp.rewardservice.RewardServiceImpl.getRewards(RewardServiceImpl.java:45)
	at com.rewardapp.rewardservicetest.RewardServiceTest.lambda$getRewards_ShouldThrowRewardCalculationException_WhenNegativeAmount$1(RewardServiceTest.java:64)
	at org.junit.jupiter.api.AssertThrows.assertThrows(AssertThrows.java:53)
	at org.junit.jupiter.api.AssertThrows.assertThrows(AssertThrows.java:35)
	at org.junit.jupiter.api.Assertions.assertThrows(Assertions.java:3128)
	at com.rewardapp.rewardservicetest.RewardServiceTest.getRewards_ShouldThrowRewardCalculationException_WhenNegativeAmount(RewardServiceTest.java:63)
	at java.base/jdk.internal.reflect.DirectMethodHandleAccessor.invoke(DirectMethodHandleAccessor.java:103)
	at java.base/java.lang.reflect.Method.invoke(Method.java:580)
	at org.junit.platform.commons.util.ReflectionUtils.invokeMethod(ReflectionUtils.java:775)
	at org.junit.platform.commons.support.ReflectionSupport.invokeMethod(ReflectionSupport.java:479)
	at org.junit.jupiter.engine.execution.MethodInvocation.proceed(MethodInvocation.java:60)
	at org.junit.jupiter.engine.execution.InvocationInterceptorChain$ValidatingInvocation.proceed(InvocationInterceptorChain.java:131)
	at org.junit.jupiter.engine.extension.TimeoutExtension.intercept(TimeoutExtension.java:161)
	at org.junit.jupiter.engine.extension.TimeoutExtension.interceptTestableMethod(TimeoutExtension.java:152)
	at org.junit.jupiter.engine.extension.TimeoutExtension.interceptTestMethod(TimeoutExtension.java:91)
	at org.junit.jupiter.engine.execution.InterceptingExecutableInvoker$ReflectiveInterceptorCall.lambda$ofVoidMethod$0(InterceptingExecutableInvoker.java:112)
	at org.junit.jupiter.engine.execution.InterceptingExecutableInvoker.lambda$invoke$0(InterceptingExecutableInvoker.java:94)
	at org.junit.jupiter.engine.execution.InvocationInterceptorChain$InterceptedInvocation.proceed(InvocationInterceptorChain.java:106)
	at org.junit.jupiter.engine.execution.InvocationInterceptorChain.proceed(InvocationInterceptorChain.java:64)
	at org.junit.jupiter.engine.execution.InvocationInterceptorChain.chainAndInvoke(InvocationInterceptorChain.java:45)
	at org.junit.jupiter.engine.execution.InvocationInterceptorChain.invoke(InvocationInterceptorChain.java:37)
	at org.junit.jupiter.engine.execution.InterceptingExecutableInvoker.invoke(InterceptingExecutableInvoker.java:93)
	at org.junit.jupiter.engine.execution.InterceptingExecutableInvoker.invoke(InterceptingExecutableInvoker.java:87)
	at org.junit.jupiter.engine.descriptor.TestMethodTestDescriptor.lambda$invokeTestMethod$7(TestMethodTestDescriptor.java:216)
	at org.junit.platform.engine.support.hierarchical.ThrowableCollector.execute(ThrowableCollector.java:73)
	at org.junit.jupiter.engine.descriptor.TestMethodTestDescriptor.invokeTestMethod(TestMethodTestDescriptor.java:212)
	at org.junit.jupiter.engine.descriptor.TestMethodTestDescriptor.execute(TestMethodTestDescriptor.java:137)
	at org.junit.jupiter.engine.descriptor.TestMethodTestDescriptor.execute(TestMethodTestDescriptor.java:69)
	at org.junit.platform.engine.support.hierarchical.NodeTestTask.lambda$executeRecursively$6(NodeTestTask.java:156)
	at org.junit.platform.engine.support.hierarchical.ThrowableCollector.execute(ThrowableCollector.java:73)
	at org.junit.platform.engine.support.hierarchical.NodeTestTask.lambda$executeRecursively$8(NodeTestTask.java:146)
	at org.junit.platform.engine.support.hierarchical.Node.around(Node.java:137)
	at org.junit.platform.engine.support.hierarchical.NodeTestTask.lambda$executeRecursively$9(NodeTestTask.java:144)
	at org.junit.platform.engine.support.hierarchical.ThrowableCollector.execute(ThrowableCollector.java:73)
	at org.junit.platform.engine.support.hierarchical.NodeTestTask.executeRecursively(NodeTestTask.java:143)
	at org.junit.platform.engine.support.hierarchical.NodeTestTask.execute(NodeTestTask.java:100)
	at java.base/java.util.ArrayList.forEach(ArrayList.java:1596)
	at org.junit.platform.engine.support.hierarchical.SameThreadHierarchicalTestExecutorService.invokeAll(SameThreadHierarchicalTestExecutorService.java:41)
	at org.junit.platform.engine.support.hierarchical.NodeTestTask.lambda$executeRecursively$6(NodeTestTask.java:160)
	at org.junit.platform.engine.support.hierarchical.ThrowableCollector.execute(ThrowableCollector.java:73)
	at org.junit.platform.engine.support.hierarchical.NodeTestTask.lambda$executeRecursively$8(NodeTestTask.java:146)
	at org.junit.platform.engine.support.hierarchical.Node.around(Node.java:137)
	at org.junit.platform.engine.support.hierarchical.NodeTestTask.lambda$executeRecursively$9(NodeTestTask.java:144)
	at org.junit.platform.engine.support.hierarchical.ThrowableCollector.execute(ThrowableCollector.java:73)
	at org.junit.platform.engine.support.hierarchical.NodeTestTask.executeRecursively(NodeTestTask.java:143)
	at org.junit.platform.engine.support.hierarchical.NodeTestTask.execute(NodeTestTask.java:100)
	at java.base/java.util.ArrayList.forEach(ArrayList.java:1596)
	at org.junit.platform.engine.support.hierarchical.SameThreadHierarchicalTestExecutorService.invokeAll(SameThreadHierarchicalTestExecutorService.java:41)
	at org.junit.platform.engine.support.hierarchical.NodeTestTask.lambda$executeRecursively$6(NodeTestTask.java:160)
	at org.junit.platform.engine.support.hierarchical.ThrowableCollector.execute(ThrowableCollector.java:73)
	at org.junit.platform.engine.support.hierarchical.NodeTestTask.lambda$executeRecursively$8(NodeTestTask.java:146)
	at org.junit.platform.engine.support.hierarchical.Node.around(Node.java:137)
	at org.junit.platform.engine.support.hierarchical.NodeTestTask.lambda$executeRecursively$9(NodeTestTask.java:144)
	at org.junit.platform.engine.support.hierarchical.ThrowableCollector.execute(ThrowableCollector.java:73)
	at org.junit.platform.engine.support.hierarchical.NodeTestTask.executeRecursively(NodeTestTask.java:143)
	at org.junit.platform.engine.support.hierarchical.NodeTestTask.execute(NodeTestTask.java:100)
	at org.junit.platform.engine.support.hierarchical.SameThreadHierarchicalTestExecutorService.submit(SameThreadHierarchicalTestExecutorService.java:35)
	at org.junit.platform.engine.support.hierarchical.HierarchicalTestExecutor.execute(HierarchicalTestExecutor.java:57)
	at org.junit.platform.engine.support.hierarchical.HierarchicalTestEngine.execute(HierarchicalTestEngine.java:54)
	at org.junit.platform.launcher.core.EngineExecutionOrchestrator.execute(EngineExecutionOrchestrator.java:201)
	at org.junit.platform.launcher.core.EngineExecutionOrchestrator.execute(EngineExecutionOrchestrator.java:170)
	at org.junit.platform.launcher.core.EngineExecutionOrchestrator.execute(EngineExecutionOrchestrator.java:94)
	at org.junit.platform.launcher.core.EngineExecutionOrchestrator.lambda$execute$0(EngineExecutionOrchestrator.java:59)
	at org.junit.platform.launcher.core.EngineExecutionOrchestrator.withInterceptedStreams(EngineExecutionOrchestrator.java:142)
	at org.junit.platform.launcher.core.EngineExecutionOrchestrator.execute(EngineExecutionOrchestrator.java:58)
	at org.junit.platform.launcher.core.DefaultLauncher.execute(DefaultLauncher.java:103)
	at org.junit.platform.launcher.core.DefaultLauncher.execute(DefaultLauncher.java:85)
	at org.junit.platform.launcher.core.DelegatingLauncher.execute(DelegatingLauncher.java:47)
	at org.junit.platform.launcher.core.InterceptingLauncher.lambda$execute$1(InterceptingLauncher.java:39)
	at org.junit.platform.launcher.core.ClasspathAlignmentCheckingLauncherInterceptor.intercept(ClasspathAlignmentCheckingLauncherInterceptor.java:25)
	at org.junit.platform.launcher.core.InterceptingLauncher.execute(InterceptingLauncher.java:38)
	at org.junit.platform.launcher.core.DelegatingLauncher.execute(DelegatingLauncher.java:47)
	at org.apache.maven.surefire.junitplatform.LazyLauncher.execute(LazyLauncher.java:56)
	at org.apache.maven.surefire.junitplatform.JUnitPlatformProvider.execute(JUnitPlatformProvider.java:194)
	at org.apache.maven.surefire.junitplatform.JUnitPlatformProvider.invokeAllTests(JUnitPlatformProvider.java:150)
	at org.apache.maven.surefire.junitplatform.JUnitPlatformProvider.invoke(JUnitPlatformProvider.java:124)
	at org.apache.maven.surefire.booter.ForkedBooter.runSuitesInProcess(ForkedBooter.java:385)
	at org.apache.maven.surefire.booter.ForkedBooter.execute(ForkedBooter.java:162)
	at org.apache.maven.surefire.booter.ForkedBooter.run(ForkedBooter.java:507)
	at org.apache.maven.surefire.booter.ForkedBooter.main(ForkedBooter.java:495)
2025-07-07 18:06:47 [restartedMain] INFO  c.rewardapp.RewardProgramApplication - Starting RewardProgramApplication using Java 21.0.3 with PID 1636 (D:\STS WorkSpace\InterView Questions\rewardprogram\target\classes started by manut in D:\STS WorkSpace\InterView Questions\rewardprogram)
2025-07-07 18:06:47 [restartedMain] DEBUG c.rewardapp.RewardProgramApplication - Running with Spring Boot v3.5.3, Spring v6.2.8
2025-07-07 18:06:47 [restartedMain] INFO  c.rewardapp.RewardProgramApplication - No active profile set, falling back to 1 default profile: "default"
2025-07-07 18:06:48 [restartedMain] INFO  c.rewardapp.RewardProgramApplication - Started RewardProgramApplication in 0.514 seconds (process running for 463.829)
2025-07-07 18:07:19 [restartedMain] INFO  c.rewardapp.RewardProgramApplication - Starting RewardProgramApplication using Java 21.0.3 with PID 1636 (D:\STS WorkSpace\InterView Questions\rewardprogram\target\classes started by manut in D:\STS WorkSpace\InterView Questions\rewardprogram)
2025-07-07 18:07:19 [restartedMain] DEBUG c.rewardapp.RewardProgramApplication - Running with Spring Boot v3.5.3, Spring v6.2.8
2025-07-07 18:07:19 [restartedMain] INFO  c.rewardapp.RewardProgramApplication - No active profile set, falling back to 1 default profile: "default"
2025-07-07 18:07:19 [restartedMain] INFO  c.rewardapp.RewardProgramApplication - Started RewardProgramApplication in 0.497 seconds (process running for 495.379)
2025-07-07 18:07:33 [restartedMain] INFO  c.rewardapp.RewardProgramApplication - Starting RewardProgramApplication using Java 21.0.3 with PID 1636 (D:\STS WorkSpace\InterView Questions\rewardprogram\target\classes started by manut in D:\STS WorkSpace\InterView Questions\rewardprogram)
2025-07-07 18:07:33 [restartedMain] DEBUG c.rewardapp.RewardProgramApplication - Running with Spring Boot v3.5.3, Spring v6.2.8
2025-07-07 18:07:33 [restartedMain] INFO  c.rewardapp.RewardProgramApplication - No active profile set, falling back to 1 default profile: "default"
2025-07-07 18:07:34 [restartedMain] INFO  c.rewardapp.RewardProgramApplication - Started RewardProgramApplication in 0.493 seconds (process running for 509.622)
2025-07-07 18:07:50 [restartedMain] INFO  c.rewardapp.RewardProgramApplication - Starting RewardProgramApplication using Java 21.0.3 with PID 1636 (D:\STS WorkSpace\InterView Questions\rewardprogram\target\classes started by manut in D:\STS WorkSpace\InterView Questions\rewardprogram)
2025-07-07 18:07:50 [restartedMain] DEBUG c.rewardapp.RewardProgramApplication - Running with Spring Boot v3.5.3, Spring v6.2.8
2025-07-07 18:07:50 [restartedMain] INFO  c.rewardapp.RewardProgramApplication - No active profile set, falling back to 1 default profile: "default"
2025-07-07 18:07:51 [restartedMain] INFO  c.rewardapp.RewardProgramApplication - Started RewardProgramApplication in 0.48 seconds (process running for 526.919)
2025-07-07 18:07:58 [restartedMain] INFO  c.rewardapp.RewardProgramApplication - Starting RewardProgramApplication using Java 21.0.3 with PID 1636 (D:\STS WorkSpace\InterView Questions\rewardprogram\target\classes started by manut in D:\STS WorkSpace\InterView Questions\rewardprogram)
2025-07-07 18:07:58 [restartedMain] DEBUG c.rewardapp.RewardProgramApplication - Running with Spring Boot v3.5.3, Spring v6.2.8
2025-07-07 18:07:58 [restartedMain] INFO  c.rewardapp.RewardProgramApplication - No active profile set, falling back to 1 default profile: "default"
2025-07-07 18:07:59 [restartedMain] INFO  c.rewardapp.RewardProgramApplication - Started RewardProgramApplication in 0.583 seconds (process running for 535.125)
2025-07-07 18:08:07 [restartedMain] INFO  c.rewardapp.RewardProgramApplication - Starting RewardProgramApplication using Java 21.0.3 with PID 1636 (D:\STS WorkSpace\InterView Questions\rewardprogram\target\classes started by manut in D:\STS WorkSpace\InterView Questions\rewardprogram)
2025-07-07 18:08:07 [restartedMain] DEBUG c.rewardapp.RewardProgramApplication - Running with Spring Boot v3.5.3, Spring v6.2.8
2025-07-07 18:08:07 [restartedMain] INFO  c.rewardapp.RewardProgramApplication - No active profile set, falling back to 1 default profile: "default"
2025-07-07 18:08:07 [restartedMain] INFO  c.rewardapp.RewardProgramApplication - Started RewardProgramApplication in 0.558 seconds (process running for 543.306)
2025-07-07 18:08:27 [http-nio-8083-exec-2] INFO  c.r.r.RewardController - Fetching reward data for customer 'Alice' between 2025-07-01 and 2025-07-30
2025-07-07 18:08:34 [http-nio-8083-exec-3] INFO  c.r.r.RewardController - Fetching reward data for all customers between 2025-04-01 and 2025-04-30
2025-07-07 18:08:34 [http-nio-8083-exec-3] WARN  c.r.rewardservice.RewardServiceImpl - No transactions found in date range 2025-04-01 to 2025-04-30
2025-07-07 18:08:34 [http-nio-8083-exec-3] ERROR c.r.r.CustomerNotFoundException - This is an error log: customer not found: unknown
2025-07-07 18:08:45 [http-nio-8083-exec-4] INFO  c.r.r.RewardController - Fetching reward data for all customers between 2025-07-01 and 2025-07-30
2025-07-07 18:10:01 [main] INFO  c.r.r.RewardControllerTest - Starting RewardControllerTest using Java 21.0.3 with PID 14888 (started by manut in D:\STS WorkSpace\InterView Questions\rewardprogram)
2025-07-07 18:10:01 [main] DEBUG c.r.r.RewardControllerTest - Running with Spring Boot v3.5.3, Spring v6.2.8
2025-07-07 18:10:01 [main] INFO  c.r.r.RewardControllerTest - No active profile set, falling back to 1 default profile: "default"
2025-07-07 18:10:04 [main] INFO  c.r.r.RewardControllerTest - Started RewardControllerTest in 3.6 seconds (process running for 5.27)
2025-07-07 18:10:04 [main] INFO  c.r.r.RewardController - Fetching reward data for all customers between 2025-07-01 and 2025-07-06
2025-07-07 18:10:04 [main] ERROR c.r.r.RewardController - Invalid date format for startDate: 07-01-2025
2025-07-07 18:10:33 [main] INFO  c.r.r.RewardIntegrationTest - Starting RewardIntegrationTest using Java 21.0.3 with PID 2980 (started by manut in D:\STS WorkSpace\InterView Questions\rewardprogram)
2025-07-07 18:10:33 [main] DEBUG c.r.r.RewardIntegrationTest - Running with Spring Boot v3.5.3, Spring v6.2.8
2025-07-07 18:10:33 [main] INFO  c.r.r.RewardIntegrationTest - No active profile set, falling back to 1 default profile: "default"
2025-07-07 18:10:39 [main] INFO  c.r.r.RewardIntegrationTest - Started RewardIntegrationTest in 5.634 seconds (process running for 7.029)
2025-07-07 18:10:40 [main] ERROR c.r.r.RewardController - Invalid date format for startDate: 07-01-2025
2025-07-07 18:10:40 [main] INFO  c.r.r.RewardController - Fetching reward data for customer 'Bob' between 2025-07-01 and 2025-07-31
2025-07-07 18:10:40 [main] WARN  c.r.rewardservice.RewardServiceImpl - No transactions found for customer: Bob
2025-07-07 18:10:40 [main] ERROR c.r.r.CustomerNotFoundException - This is an error log: customer not found: unknown
2025-07-07 18:10:40 [main] INFO  c.r.r.RewardController - Fetching reward data for customer 'Alice' between 2025-07-01 and 2025-07-31
2025-07-07 18:11:08 [http-nio-8083-exec-3] INFO  c.r.r.RewardController - Received transaction from customer 'Manu', amount: 101.0
2025-07-07 18:20:44 [restartedMain] INFO  c.rewardapp.RewardProgramApplication - Starting RewardProgramApplication using Java 21.0.3 with PID 1636 (D:\STS WorkSpace\InterView Questions\rewardprogram\target\classes started by manut in D:\STS WorkSpace\InterView Questions\rewardprogram)
2025-07-07 18:20:44 [restartedMain] DEBUG c.rewardapp.RewardProgramApplication - Running with Spring Boot v3.5.3, Spring v6.2.8
2025-07-07 18:20:44 [restartedMain] INFO  c.rewardapp.RewardProgramApplication - No active profile set, falling back to 1 default profile: "default"
2025-07-07 18:20:45 [restartedMain] INFO  c.rewardapp.RewardProgramApplication - Started RewardProgramApplication in 0.743 seconds (process running for 1300.829)
2025-07-07 18:20:52 [restartedMain] INFO  c.rewardapp.RewardProgramApplication - Starting RewardProgramApplication using Java 21.0.3 with PID 1636 (D:\STS WorkSpace\InterView Questions\rewardprogram\target\classes started by manut in D:\STS WorkSpace\InterView Questions\rewardprogram)
2025-07-07 18:20:52 [restartedMain] DEBUG c.rewardapp.RewardProgramApplication - Running with Spring Boot v3.5.3, Spring v6.2.8
2025-07-07 18:20:52 [restartedMain] INFO  c.rewardapp.RewardProgramApplication - No active profile set, falling back to 1 default profile: "default"
2025-07-07 18:20:53 [restartedMain] INFO  c.rewardapp.RewardProgramApplication - Started RewardProgramApplication in 0.541 seconds (process running for 1309.009)
2025-07-07 18:20:55 [http-nio-8083-exec-1] INFO  c.r.r.RewardController - Received transaction from customer 'Manu', amount: 101.0
2025-07-07 18:21:03 [restartedMain] INFO  c.rewardapp.RewardProgramApplication - Starting RewardProgramApplication using Java 21.0.3 with PID 1636 (D:\STS WorkSpace\InterView Questions\rewardprogram\target\classes started by manut in D:\STS WorkSpace\InterView Questions\rewardprogram)
2025-07-07 18:21:03 [restartedMain] DEBUG c.rewardapp.RewardProgramApplication - Running with Spring Boot v3.5.3, Spring v6.2.8
2025-07-07 18:21:03 [restartedMain] INFO  c.rewardapp.RewardProgramApplication - No active profile set, falling back to 1 default profile: "default"
2025-07-07 18:21:03 [restartedMain] INFO  c.rewardapp.RewardProgramApplication - Started RewardProgramApplication in 0.492 seconds (process running for 1319.208)
2025-07-07 18:32:58 [restartedMain] INFO  c.rewardapp.RewardProgramApplication - Starting RewardProgramApplication using Java 21.0.3 with PID 1636 (D:\STS WorkSpace\InterView Questions\rewardprogram\target\classes started by manut in D:\STS WorkSpace\InterView Questions\rewardprogram)
2025-07-07 18:32:58 [restartedMain] DEBUG c.rewardapp.RewardProgramApplication - Running with Spring Boot v3.5.3, Spring v6.2.8
2025-07-07 18:32:58 [restartedMain] INFO  c.rewardapp.RewardProgramApplication - No active profile set, falling back to 1 default profile: "default"
2025-07-07 18:32:58 [restartedMain] INFO  c.rewardapp.RewardProgramApplication - Started RewardProgramApplication in 0.68 seconds (process running for 2034.296)
2025-07-07 18:33:05 [restartedMain] INFO  c.rewardapp.RewardProgramApplication - Starting RewardProgramApplication using Java 21.0.3 with PID 1636 (D:\STS WorkSpace\InterView Questions\rewardprogram\target\classes started by manut in D:\STS WorkSpace\InterView Questions\rewardprogram)
2025-07-07 18:33:05 [restartedMain] DEBUG c.rewardapp.RewardProgramApplication - Running with Spring Boot v3.5.3, Spring v6.2.8
2025-07-07 18:33:05 [restartedMain] INFO  c.rewardapp.RewardProgramApplication - No active profile set, falling back to 1 default profile: "default"
2025-07-07 18:33:05 [restartedMain] INFO  c.rewardapp.RewardProgramApplication - Started RewardProgramApplication in 0.47 seconds (process running for 2041.409)
2025-07-07 18:33:32 [restartedMain] INFO  c.rewardapp.RewardProgramApplication - Starting RewardProgramApplication using Java 21.0.3 with PID 1636 (D:\STS WorkSpace\InterView Questions\rewardprogram\target\classes started by manut in D:\STS WorkSpace\InterView Questions\rewardprogram)
2025-07-07 18:33:32 [restartedMain] DEBUG c.rewardapp.RewardProgramApplication - Running with Spring Boot v3.5.3, Spring v6.2.8
2025-07-07 18:33:32 [restartedMain] INFO  c.rewardapp.RewardProgramApplication - No active profile set, falling back to 1 default profile: "default"
2025-07-07 18:33:33 [restartedMain] INFO  c.rewardapp.RewardProgramApplication - Started RewardProgramApplication in 0.53 seconds (process running for 2069.042)
2025-07-07 18:33:49 [restartedMain] INFO  c.rewardapp.RewardProgramApplication - Starting RewardProgramApplication using Java 21.0.3 with PID 1636 (D:\STS WorkSpace\InterView Questions\rewardprogram\target\classes started by manut in D:\STS WorkSpace\InterView Questions\rewardprogram)
2025-07-07 18:33:49 [restartedMain] DEBUG c.rewardapp.RewardProgramApplication - Running with Spring Boot v3.5.3, Spring v6.2.8
2025-07-07 18:33:49 [restartedMain] INFO  c.rewardapp.RewardProgramApplication - No active profile set, falling back to 1 default profile: "default"
2025-07-07 18:33:49 [restartedMain] INFO  c.rewardapp.RewardProgramApplication - Started RewardProgramApplication in 0.552 seconds (process running for 2085.404)
2025-07-07 18:33:57 [restartedMain] INFO  c.rewardapp.RewardProgramApplication - Starting RewardProgramApplication using Java 21.0.3 with PID 1636 (D:\STS WorkSpace\InterView Questions\rewardprogram\target\classes started by manut in D:\STS WorkSpace\InterView Questions\rewardprogram)
2025-07-07 18:33:57 [restartedMain] DEBUG c.rewardapp.RewardProgramApplication - Running with Spring Boot v3.5.3, Spring v6.2.8
2025-07-07 18:33:57 [restartedMain] INFO  c.rewardapp.RewardProgramApplication - No active profile set, falling back to 1 default profile: "default"
2025-07-07 18:33:57 [restartedMain] INFO  c.rewardapp.RewardProgramApplication - Started RewardProgramApplication in 0.556 seconds (process running for 2093.536)
2025-07-07 18:34:02 [restartedMain] INFO  c.rewardapp.RewardProgramApplication - Starting RewardProgramApplication using Java 21.0.3 with PID 1636 (D:\STS WorkSpace\InterView Questions\rewardprogram\target\classes started by manut in D:\STS WorkSpace\InterView Questions\rewardprogram)
2025-07-07 18:34:02 [restartedMain] DEBUG c.rewardapp.RewardProgramApplication - Running with Spring Boot v3.5.3, Spring v6.2.8
2025-07-07 18:34:02 [restartedMain] INFO  c.rewardapp.RewardProgramApplication - No active profile set, falling back to 1 default profile: "default"
2025-07-07 18:34:02 [restartedMain] INFO  c.rewardapp.RewardProgramApplication - Started RewardProgramApplication in 0.482 seconds (process running for 2098.564)
2025-07-07 18:34:18 [restartedMain] INFO  c.rewardapp.RewardProgramApplication - Starting RewardProgramApplication using Java 21.0.3 with PID 1636 (D:\STS WorkSpace\InterView Questions\rewardprogram\target\classes started by manut in D:\STS WorkSpace\InterView Questions\rewardprogram)
2025-07-07 18:34:18 [restartedMain] DEBUG c.rewardapp.RewardProgramApplication - Running with Spring Boot v3.5.3, Spring v6.2.8
2025-07-07 18:34:18 [restartedMain] INFO  c.rewardapp.RewardProgramApplication - No active profile set, falling back to 1 default profile: "default"
2025-07-07 18:34:19 [restartedMain] INFO  c.rewardapp.RewardProgramApplication - Started RewardProgramApplication in 0.466 seconds (process running for 2114.826)
2025-07-07 18:34:24 [restartedMain] INFO  c.rewardapp.RewardProgramApplication - Starting RewardProgramApplication using Java 21.0.3 with PID 1636 (D:\STS WorkSpace\InterView Questions\rewardprogram\target\classes started by manut in D:\STS WorkSpace\InterView Questions\rewardprogram)
2025-07-07 18:34:24 [restartedMain] DEBUG c.rewardapp.RewardProgramApplication - Running with Spring Boot v3.5.3, Spring v6.2.8
2025-07-07 18:34:24 [restartedMain] INFO  c.rewardapp.RewardProgramApplication - No active profile set, falling back to 1 default profile: "default"
2025-07-07 18:34:25 [restartedMain] INFO  c.rewardapp.RewardProgramApplication - Started RewardProgramApplication in 0.494 seconds (process running for 2120.924)
2025-07-07 18:34:29 [restartedMain] INFO  c.rewardapp.RewardProgramApplication - Starting RewardProgramApplication using Java 21.0.3 with PID 1636 (D:\STS WorkSpace\InterView Questions\rewardprogram\target\classes started by manut in D:\STS WorkSpace\InterView Questions\rewardprogram)
2025-07-07 18:34:29 [restartedMain] DEBUG c.rewardapp.RewardProgramApplication - Running with Spring Boot v3.5.3, Spring v6.2.8
2025-07-07 18:34:29 [restartedMain] INFO  c.rewardapp.RewardProgramApplication - No active profile set, falling back to 1 default profile: "default"
2025-07-07 18:34:30 [restartedMain] INFO  c.rewardapp.RewardProgramApplication - Started RewardProgramApplication in 0.495 seconds (process running for 2125.96)
2025-07-07 18:34:52 [restartedMain] INFO  c.rewardapp.RewardProgramApplication - Starting RewardProgramApplication using Java 21.0.3 with PID 1636 (D:\STS WorkSpace\InterView Questions\rewardprogram\target\classes started by manut in D:\STS WorkSpace\InterView Questions\rewardprogram)
2025-07-07 18:34:52 [restartedMain] DEBUG c.rewardapp.RewardProgramApplication - Running with Spring Boot v3.5.3, Spring v6.2.8
2025-07-07 18:34:52 [restartedMain] INFO  c.rewardapp.RewardProgramApplication - No active profile set, falling back to 1 default profile: "default"
2025-07-07 18:34:52 [restartedMain] INFO  c.rewardapp.RewardProgramApplication - Started RewardProgramApplication in 0.458 seconds (process running for 2148.4)
2025-07-07 18:36:45 [restartedMain] INFO  c.rewardapp.RewardProgramApplication - Starting RewardProgramApplication using Java 21.0.3 with PID 1636 (D:\STS WorkSpace\InterView Questions\rewardprogram\target\classes started by manut in D:\STS WorkSpace\InterView Questions\rewardprogram)
2025-07-07 18:36:45 [restartedMain] DEBUG c.rewardapp.RewardProgramApplication - Running with Spring Boot v3.5.3, Spring v6.2.8
2025-07-07 18:36:45 [restartedMain] INFO  c.rewardapp.RewardProgramApplication - No active profile set, falling back to 1 default profile: "default"
2025-07-07 18:36:45 [restartedMain] INFO  c.rewardapp.RewardProgramApplication - Started RewardProgramApplication in 0.986 seconds (process running for 2261.586)
2025-07-07 18:36:53 [restartedMain] INFO  c.rewardapp.RewardProgramApplication - Starting RewardProgramApplication using Java 21.0.3 with PID 1636 (D:\STS WorkSpace\InterView Questions\rewardprogram\target\classes started by manut in D:\STS WorkSpace\InterView Questions\rewardprogram)
2025-07-07 18:36:53 [restartedMain] DEBUG c.rewardapp.RewardProgramApplication - Running with Spring Boot v3.5.3, Spring v6.2.8
2025-07-07 18:36:53 [restartedMain] INFO  c.rewardapp.RewardProgramApplication - No active profile set, falling back to 1 default profile: "default"
2025-07-07 18:36:54 [restartedMain] INFO  c.rewardapp.RewardProgramApplication - Started RewardProgramApplication in 0.469 seconds (process running for 2270.04)
2025-07-07 18:37:10 [restartedMain] INFO  c.rewardapp.RewardProgramApplication - Starting RewardProgramApplication using Java 21.0.3 with PID 1636 (D:\STS WorkSpace\InterView Questions\rewardprogram\target\classes started by manut in D:\STS WorkSpace\InterView Questions\rewardprogram)
2025-07-07 18:37:10 [restartedMain] DEBUG c.rewardapp.RewardProgramApplication - Running with Spring Boot v3.5.3, Spring v6.2.8
2025-07-07 18:37:10 [restartedMain] INFO  c.rewardapp.RewardProgramApplication - No active profile set, falling back to 1 default profile: "default"
2025-07-07 18:37:10 [restartedMain] INFO  c.rewardapp.RewardProgramApplication - Started RewardProgramApplication in 0.425 seconds (process running for 2286.045)
2025-07-07 18:37:24 [restartedMain] INFO  c.rewardapp.RewardProgramApplication - Starting RewardProgramApplication using Java 21.0.3 with PID 1636 (D:\STS WorkSpace\InterView Questions\rewardprogram\target\classes started by manut in D:\STS WorkSpace\InterView Questions\rewardprogram)
2025-07-07 18:37:24 [restartedMain] DEBUG c.rewardapp.RewardProgramApplication - Running with Spring Boot v3.5.3, Spring v6.2.8
2025-07-07 18:37:24 [restartedMain] INFO  c.rewardapp.RewardProgramApplication - No active profile set, falling back to 1 default profile: "default"
2025-07-07 18:37:25 [restartedMain] INFO  c.rewardapp.RewardProgramApplication - Started RewardProgramApplication in 0.908 seconds (process running for 2300.657)
2025-07-07 18:37:27 [main] INFO  c.r.r.RewardControllerTest - Starting RewardControllerTest using Java 21.0.3 with PID 17764 (started by manut in D:\STS WorkSpace\InterView Questions\rewardprogram)
2025-07-07 18:37:27 [main] DEBUG c.r.r.RewardControllerTest - Running with Spring Boot v3.5.3, Spring v6.2.8
2025-07-07 18:37:27 [main] INFO  c.r.r.RewardControllerTest - No active profile set, falling back to 1 default profile: "default"
2025-07-07 18:37:30 [main] INFO  c.r.r.RewardControllerTest - Started RewardControllerTest in 3.863 seconds (process running for 5.513)
2025-07-07 18:37:30 [main] INFO  c.r.r.RewardController - Fetching reward data for all customers between 2025-07-01 and 2025-07-06
2025-07-07 18:37:30 [main] ERROR c.r.r.RewardController - Invalid date format for startDate: 07-01-2025
2025-07-07 18:37:31 [main] INFO  c.r.r.RewardIntegrationTest - Starting RewardIntegrationTest using Java 21.0.3 with PID 17764 (started by manut in D:\STS WorkSpace\InterView Questions\rewardprogram)
2025-07-07 18:37:31 [main] DEBUG c.r.r.RewardIntegrationTest - Running with Spring Boot v3.5.3, Spring v6.2.8
2025-07-07 18:37:31 [main] INFO  c.r.r.RewardIntegrationTest - No active profile set, falling back to 1 default profile: "default"
2025-07-07 18:37:35 [main] INFO  c.r.r.RewardIntegrationTest - Started RewardIntegrationTest in 4.013 seconds (process running for 9.958)
2025-07-07 18:37:35 [main] ERROR c.r.r.RewardController - Invalid date format for startDate: 07-01-2025
2025-07-07 18:37:35 [main] INFO  c.r.r.RewardController - Fetching reward data for customer 'Bob' between 2025-07-01 and 2025-07-31
2025-07-07 18:37:35 [main] WARN  c.r.rewardservice.RewardServiceImpl - No transactions found for customer: Bob
2025-07-07 18:37:35 [main] ERROR c.r.r.CustomerNotFoundException - This is an error log: customer not found: unknown
2025-07-07 18:37:35 [main] INFO  c.r.r.RewardController - Fetching reward data for customer 'Alice' between 2025-07-01 and 2025-07-31
2025-07-07 18:37:35 [main] WARN  c.r.rewardservice.RewardServiceImpl - No transactions found for customer: Bob
2025-07-07 18:37:35 [main] ERROR c.r.r.CustomerNotFoundException - This is an error log: customer not found: unknown
2025-07-07 18:37:35 [main] ERROR c.r.rewardservice.RewardServiceImpl - Negative reward points : amount=-100.0
2025-07-07 18:37:35 [main] ERROR c.r.rewardservice.RewardServiceImpl - Reward calculation failed for customer: Bob
com.rewardapp.rewardexception.RewardCalculationException: Reward calculation failed/negative for customers:Bob
	at com.rewardapp.rewardservice.RewardServiceImpl.buildRewardSummary(RewardServiceImpl.java:82)
	at com.rewardapp.rewardservice.RewardServiceImpl.getRewards(RewardServiceImpl.java:45)
	at com.rewardapp.rewardservicetest.RewardServiceTest.lambda$getRewards_ShouldThrowRewardCalculationException_WhenNegativeAmount$1(RewardServiceTest.java:64)
	at org.junit.jupiter.api.AssertThrows.assertThrows(AssertThrows.java:53)
	at org.junit.jupiter.api.AssertThrows.assertThrows(AssertThrows.java:35)
	at org.junit.jupiter.api.Assertions.assertThrows(Assertions.java:3128)
	at com.rewardapp.rewardservicetest.RewardServiceTest.getRewards_ShouldThrowRewardCalculationException_WhenNegativeAmount(RewardServiceTest.java:63)
	at java.base/jdk.internal.reflect.DirectMethodHandleAccessor.invoke(DirectMethodHandleAccessor.java:103)
	at java.base/java.lang.reflect.Method.invoke(Method.java:580)
	at org.junit.platform.commons.util.ReflectionUtils.invokeMethod(ReflectionUtils.java:775)
	at org.junit.platform.commons.support.ReflectionSupport.invokeMethod(ReflectionSupport.java:479)
	at org.junit.jupiter.engine.execution.MethodInvocation.proceed(MethodInvocation.java:60)
	at org.junit.jupiter.engine.execution.InvocationInterceptorChain$ValidatingInvocation.proceed(InvocationInterceptorChain.java:131)
	at org.junit.jupiter.engine.extension.TimeoutExtension.intercept(TimeoutExtension.java:161)
	at org.junit.jupiter.engine.extension.TimeoutExtension.interceptTestableMethod(TimeoutExtension.java:152)
	at org.junit.jupiter.engine.extension.TimeoutExtension.interceptTestMethod(TimeoutExtension.java:91)
	at org.junit.jupiter.engine.execution.InterceptingExecutableInvoker$ReflectiveInterceptorCall.lambda$ofVoidMethod$0(InterceptingExecutableInvoker.java:112)
	at org.junit.jupiter.engine.execution.InterceptingExecutableInvoker.lambda$invoke$0(InterceptingExecutableInvoker.java:94)
	at org.junit.jupiter.engine.execution.InvocationInterceptorChain$InterceptedInvocation.proceed(InvocationInterceptorChain.java:106)
	at org.junit.jupiter.engine.execution.InvocationInterceptorChain.proceed(InvocationInterceptorChain.java:64)
	at org.junit.jupiter.engine.execution.InvocationInterceptorChain.chainAndInvoke(InvocationInterceptorChain.java:45)
	at org.junit.jupiter.engine.execution.InvocationInterceptorChain.invoke(InvocationInterceptorChain.java:37)
	at org.junit.jupiter.engine.execution.InterceptingExecutableInvoker.invoke(InterceptingExecutableInvoker.java:93)
	at org.junit.jupiter.engine.execution.InterceptingExecutableInvoker.invoke(InterceptingExecutableInvoker.java:87)
	at org.junit.jupiter.engine.descriptor.TestMethodTestDescriptor.lambda$invokeTestMethod$7(TestMethodTestDescriptor.java:216)
	at org.junit.platform.engine.support.hierarchical.ThrowableCollector.execute(ThrowableCollector.java:73)
	at org.junit.jupiter.engine.descriptor.TestMethodTestDescriptor.invokeTestMethod(TestMethodTestDescriptor.java:212)
	at org.junit.jupiter.engine.descriptor.TestMethodTestDescriptor.execute(TestMethodTestDescriptor.java:137)
	at org.junit.jupiter.engine.descriptor.TestMethodTestDescriptor.execute(TestMethodTestDescriptor.java:69)
	at org.junit.platform.engine.support.hierarchical.NodeTestTask.lambda$executeRecursively$6(NodeTestTask.java:156)
	at org.junit.platform.engine.support.hierarchical.ThrowableCollector.execute(ThrowableCollector.java:73)
	at org.junit.platform.engine.support.hierarchical.NodeTestTask.lambda$executeRecursively$8(NodeTestTask.java:146)
	at org.junit.platform.engine.support.hierarchical.Node.around(Node.java:137)
	at org.junit.platform.engine.support.hierarchical.NodeTestTask.lambda$executeRecursively$9(NodeTestTask.java:144)
	at org.junit.platform.engine.support.hierarchical.ThrowableCollector.execute(ThrowableCollector.java:73)
	at org.junit.platform.engine.support.hierarchical.NodeTestTask.executeRecursively(NodeTestTask.java:143)
	at org.junit.platform.engine.support.hierarchical.NodeTestTask.execute(NodeTestTask.java:100)
	at java.base/java.util.ArrayList.forEach(ArrayList.java:1596)
	at org.junit.platform.engine.support.hierarchical.SameThreadHierarchicalTestExecutorService.invokeAll(SameThreadHierarchicalTestExecutorService.java:41)
	at org.junit.platform.engine.support.hierarchical.NodeTestTask.lambda$executeRecursively$6(NodeTestTask.java:160)
	at org.junit.platform.engine.support.hierarchical.ThrowableCollector.execute(ThrowableCollector.java:73)
	at org.junit.platform.engine.support.hierarchical.NodeTestTask.lambda$executeRecursively$8(NodeTestTask.java:146)
	at org.junit.platform.engine.support.hierarchical.Node.around(Node.java:137)
	at org.junit.platform.engine.support.hierarchical.NodeTestTask.lambda$executeRecursively$9(NodeTestTask.java:144)
	at org.junit.platform.engine.support.hierarchical.ThrowableCollector.execute(ThrowableCollector.java:73)
	at org.junit.platform.engine.support.hierarchical.NodeTestTask.executeRecursively(NodeTestTask.java:143)
	at org.junit.platform.engine.support.hierarchical.NodeTestTask.execute(NodeTestTask.java:100)
	at java.base/java.util.ArrayList.forEach(ArrayList.java:1596)
	at org.junit.platform.engine.support.hierarchical.SameThreadHierarchicalTestExecutorService.invokeAll(SameThreadHierarchicalTestExecutorService.java:41)
	at org.junit.platform.engine.support.hierarchical.NodeTestTask.lambda$executeRecursively$6(NodeTestTask.java:160)
	at org.junit.platform.engine.support.hierarchical.ThrowableCollector.execute(ThrowableCollector.java:73)
	at org.junit.platform.engine.support.hierarchical.NodeTestTask.lambda$executeRecursively$8(NodeTestTask.java:146)
	at org.junit.platform.engine.support.hierarchical.Node.around(Node.java:137)
	at org.junit.platform.engine.support.hierarchical.NodeTestTask.lambda$executeRecursively$9(NodeTestTask.java:144)
	at org.junit.platform.engine.support.hierarchical.ThrowableCollector.execute(ThrowableCollector.java:73)
	at org.junit.platform.engine.support.hierarchical.NodeTestTask.executeRecursively(NodeTestTask.java:143)
	at org.junit.platform.engine.support.hierarchical.NodeTestTask.execute(NodeTestTask.java:100)
	at org.junit.platform.engine.support.hierarchical.SameThreadHierarchicalTestExecutorService.submit(SameThreadHierarchicalTestExecutorService.java:35)
	at org.junit.platform.engine.support.hierarchical.HierarchicalTestExecutor.execute(HierarchicalTestExecutor.java:57)
	at org.junit.platform.engine.support.hierarchical.HierarchicalTestEngine.execute(HierarchicalTestEngine.java:54)
	at org.junit.platform.launcher.core.EngineExecutionOrchestrator.execute(EngineExecutionOrchestrator.java:201)
	at org.junit.platform.launcher.core.EngineExecutionOrchestrator.execute(EngineExecutionOrchestrator.java:170)
	at org.junit.platform.launcher.core.EngineExecutionOrchestrator.execute(EngineExecutionOrchestrator.java:94)
	at org.junit.platform.launcher.core.EngineExecutionOrchestrator.lambda$execute$0(EngineExecutionOrchestrator.java:59)
	at org.junit.platform.launcher.core.EngineExecutionOrchestrator.withInterceptedStreams(EngineExecutionOrchestrator.java:142)
	at org.junit.platform.launcher.core.EngineExecutionOrchestrator.execute(EngineExecutionOrchestrator.java:58)
	at org.junit.platform.launcher.core.DefaultLauncher.execute(DefaultLauncher.java:103)
	at org.junit.platform.launcher.core.DefaultLauncher.execute(DefaultLauncher.java:85)
	at org.junit.platform.launcher.core.DelegatingLauncher.execute(DelegatingLauncher.java:47)
	at org.junit.platform.launcher.core.InterceptingLauncher.lambda$execute$1(InterceptingLauncher.java:39)
	at org.junit.platform.launcher.core.ClasspathAlignmentCheckingLauncherInterceptor.intercept(ClasspathAlignmentCheckingLauncherInterceptor.java:25)
	at org.junit.platform.launcher.core.InterceptingLauncher.execute(InterceptingLauncher.java:38)
	at org.junit.platform.launcher.core.DelegatingLauncher.execute(DelegatingLauncher.java:47)
	at org.apache.maven.surefire.junitplatform.LazyLauncher.execute(LazyLauncher.java:56)
	at org.apache.maven.surefire.junitplatform.JUnitPlatformProvider.execute(JUnitPlatformProvider.java:194)
	at org.apache.maven.surefire.junitplatform.JUnitPlatformProvider.invokeAllTests(JUnitPlatformProvider.java:150)
	at org.apache.maven.surefire.junitplatform.JUnitPlatformProvider.invoke(JUnitPlatformProvider.java:124)
	at org.apache.maven.surefire.booter.ForkedBooter.runSuitesInProcess(ForkedBooter.java:385)
	at org.apache.maven.surefire.booter.ForkedBooter.execute(ForkedBooter.java:162)
	at org.apache.maven.surefire.booter.ForkedBooter.run(ForkedBooter.java:507)
	at org.apache.maven.surefire.booter.ForkedBooter.main(ForkedBooter.java:495)
2025-07-07 18:37:53 [http-nio-8083-exec-1] INFO  c.r.r.RewardController - Fetching reward data for customer 'Alice' between 2025-07-01 and 2025-07-30
2025-07-07 18:37:56 [http-nio-8083-exec-3] INFO  c.r.r.RewardController - Fetching reward data for all customers between 2025-07-01 and 2025-07-30
2025-07-07 18:38:04 [http-nio-8083-exec-6] INFO  c.r.r.RewardController - Received transaction from customer 'Manu', amount: 101.0
